mode: set
no_homomorphism/handlers/user.go:32.40,34.16 2 0
no_homomorphism/handlers/user.go:37.2,37.24 1 0
no_homomorphism/handlers/user.go:40.2,40.18 1 0
no_homomorphism/handlers/user.go:34.16,36.3 1 0
no_homomorphism/handlers/user.go:37.24,39.3 1 0
no_homomorphism/handlers/user.go:43.75,45.16 2 0
no_homomorphism/handlers/user.go:49.2,51.16 3 0
no_homomorphism/handlers/user.go:55.2,58.16 3 0
no_homomorphism/handlers/user.go:62.2,62.12 1 0
no_homomorphism/handlers/user.go:45.16,48.3 2 0
no_homomorphism/handlers/user.go:51.16,54.3 2 0
no_homomorphism/handlers/user.go:58.16,61.3 2 0
no_homomorphism/handlers/user.go:65.77,67.46 2 0
no_homomorphism/handlers/user.go:70.2,71.16 2 0
no_homomorphism/handlers/user.go:74.2,77.9 4 0
no_homomorphism/handlers/user.go:80.2,80.20 1 0
no_homomorphism/handlers/user.go:67.46,69.3 1 0
no_homomorphism/handlers/user.go:71.16,73.3 1 0
no_homomorphism/handlers/user.go:77.9,79.3 1 0
no_homomorphism/handlers/user.go:83.70,85.16 2 0
no_homomorphism/handlers/user.go:89.2,92.16 3 0
no_homomorphism/handlers/user.go:95.2,95.15 1 0
no_homomorphism/handlers/user.go:98.2,98.18 1 0
no_homomorphism/handlers/user.go:85.16,87.3 1 0
no_homomorphism/handlers/user.go:92.16,94.3 1 0
no_homomorphism/handlers/user.go:95.15,97.3 1 0
no_homomorphism/handlers/user.go:101.79,103.16 2 0
no_homomorphism/handlers/user.go:109.2,110.16 2 0
no_homomorphism/handlers/user.go:115.2,119.16 4 0
no_homomorphism/handlers/user.go:124.2,124.30 1 0
no_homomorphism/handlers/user.go:103.16,107.3 3 0
no_homomorphism/handlers/user.go:110.16,114.3 3 0
no_homomorphism/handlers/user.go:119.16,123.3 3 0
no_homomorphism/handlers/user.go:127.80,129.16 2 0
no_homomorphism/handlers/user.go:135.2,136.16 2 0
no_homomorphism/handlers/user.go:142.2,143.37 2 0
no_homomorphism/handlers/user.go:148.2,151.16 3 0
no_homomorphism/handlers/user.go:156.2,156.30 1 0
no_homomorphism/handlers/user.go:129.16,133.3 3 0
no_homomorphism/handlers/user.go:136.16,140.3 3 0
no_homomorphism/handlers/user.go:143.37,147.3 3 0
no_homomorphism/handlers/user.go:151.16,155.3 3 0
no_homomorphism/handlers/user.go:159.83,161.16 2 0
no_homomorphism/handlers/user.go:167.2,168.16 2 0
no_homomorphism/handlers/user.go:174.2,179.16 5 0
no_homomorphism/handlers/user.go:184.2,191.16 6 0
no_homomorphism/handlers/user.go:196.2,197.16 2 0
no_homomorphism/handlers/user.go:202.2,202.30 1 0
no_homomorphism/handlers/user.go:161.16,165.3 3 0
no_homomorphism/handlers/user.go:168.16,172.3 3 0
no_homomorphism/handlers/user.go:179.16,183.3 3 0
no_homomorphism/handlers/user.go:191.16,195.3 3 0
no_homomorphism/handlers/user.go:197.16,201.3 3 0
no_homomorphism/handlers/user.go:205.75,208.34 3 0
no_homomorphism/handlers/user.go:217.2,217.16 1 0
no_homomorphism/handlers/user.go:208.34,210.17 2 0
no_homomorphism/handlers/user.go:215.3,215.35 1 0
no_homomorphism/handlers/user.go:210.17,214.4 3 0
no_homomorphism/handlers/user.go:217.16,220.3 2 0
no_homomorphism/handlers/user.go:220.8,223.3 2 0
no_homomorphism/handlers/user.go:226.76,231.16 4 0
no_homomorphism/handlers/user.go:237.2,238.16 2 0
no_homomorphism/handlers/user.go:244.2,244.105 1 0
no_homomorphism/handlers/user.go:250.2,252.54 3 0
no_homomorphism/handlers/user.go:231.16,235.3 3 0
no_homomorphism/handlers/user.go:238.16,242.3 3 0
no_homomorphism/handlers/user.go:244.105,248.3 3 0
no_homomorphism/handlers/user.go:255.77,257.43 2 0
no_homomorphism/handlers/user.go:263.2,265.16 2 0
no_homomorphism/handlers/user.go:271.2,272.46 2 0
no_homomorphism/handlers/user.go:278.2,284.30 6 0
no_homomorphism/handlers/user.go:257.43,261.3 3 0
no_homomorphism/handlers/user.go:265.16,269.3 3 0
no_homomorphism/handlers/user.go:272.46,276.3 3 0
no_homomorphism/handlers/user.go:287.72,298.2 6 0
no_homomorphism/handlers/user.go:300.77,304.16 4 0
no_homomorphism/handlers/user.go:309.2,310.16 2 0
no_homomorphism/handlers/user.go:315.2,316.30 2 0
no_homomorphism/handlers/user.go:304.16,308.3 3 0
no_homomorphism/handlers/user.go:310.16,314.3 3 0
no_homomorphism/handlers/user.go:319.79,321.16 2 0
no_homomorphism/handlers/user.go:325.2,328.16 4 0
no_homomorphism/handlers/user.go:333.2,334.16 2 0
no_homomorphism/handlers/user.go:339.2,343.16 5 0
no_homomorphism/handlers/user.go:349.2,349.108 1 0
no_homomorphism/handlers/user.go:354.2,355.16 2 0
no_homomorphism/handlers/user.go:361.2,361.30 1 0
no_homomorphism/handlers/user.go:321.16,324.3 2 0
no_homomorphism/handlers/user.go:328.16,332.3 3 0
no_homomorphism/handlers/user.go:334.16,338.3 3 0
no_homomorphism/handlers/user.go:343.16,347.3 3 0
no_homomorphism/handlers/user.go:349.108,353.3 3 0
no_homomorphism/handlers/user.go:355.16,359.3 3 0
no_homomorphism/handlers/user.go:364.81,371.16 5 0
no_homomorphism/handlers/user.go:376.2,377.16 2 0
no_homomorphism/handlers/user.go:383.2,385.16 3 0
no_homomorphism/handlers/user.go:389.2,391.16 3 0
no_homomorphism/handlers/user.go:371.16,375.3 3 0
no_homomorphism/handlers/user.go:377.16,380.3 2 0
no_homomorphism/handlers/user.go:380.8,382.3 1 0
no_homomorphism/handlers/user.go:385.16,388.3 2 0
no_homomorphism/handlers/user.go:391.16,395.3 3 0
no_homomorphism/handlers/user.go:398.89,400.16 2 0
no_homomorphism/handlers/user.go:406.2,407.16 2 0
no_homomorphism/handlers/user.go:413.2,414.16 2 0
no_homomorphism/handlers/user.go:419.2,420.16 2 0
no_homomorphism/handlers/user.go:426.2,427.16 2 0
no_homomorphism/handlers/user.go:431.2,433.16 3 0
no_homomorphism/handlers/user.go:400.16,404.3 3 0
no_homomorphism/handlers/user.go:407.16,411.3 3 0
no_homomorphism/handlers/user.go:414.16,418.3 3 0
no_homomorphism/handlers/user.go:420.16,423.3 2 0
no_homomorphism/handlers/user.go:423.8,425.3 1 0
no_homomorphism/handlers/user.go:427.16,430.3 2 0
no_homomorphism/handlers/user.go:433.16,437.3 3 0
no_homomorphism/main.go:14.13,19.16 4 0
no_homomorphism/main.go:23.2,24.16 2 0
no_homomorphism/main.go:28.2,71.16 20 0
no_homomorphism/main.go:19.16,21.3 1 0
no_homomorphism/main.go:24.16,26.3 1 0
no_homomorphism/main.go:71.16,74.3 2 0
no_homomorphism/models/track.go:23.61,24.15 1 0
no_homomorphism/models/track.go:27.2,40.21 4 0
no_homomorphism/models/track.go:24.15,26.3 1 0
no_homomorphism/models/track.go:44.66,47.43 3 0
no_homomorphism/models/track.go:47.43,49.3 1 0
no_homomorphism/models/track.go:49.8,51.3 1 0
no_homomorphism/models/user.go:12.61,13.15 1 1
no_homomorphism/models/user.go:16.2,19.8 1 1
no_homomorphism/models/user.go:13.15,15.3 1 1
no_homomorphism/models/user.go:57.65,58.18 1 0
no_homomorphism/models/user.go:61.2,64.34 4 0
no_homomorphism/models/user.go:67.2,68.16 2 0
no_homomorphism/models/user.go:71.2,73.22 3 0
no_homomorphism/models/user.go:58.18,60.3 1 0
no_homomorphism/models/user.go:64.34,66.3 1 0
no_homomorphism/models/user.go:68.16,70.3 1 0
no_homomorphism/models/user.go:76.75,79.28 3 0
no_homomorphism/models/user.go:82.2,88.21 2 0
no_homomorphism/models/user.go:79.28,81.3 1 0
no_homomorphism/models/user.go:90.62,94.2 3 0
no_homomorphism/models/user.go:95.66,98.32 3 0
no_homomorphism/models/user.go:103.2,103.77 1 0
no_homomorphism/models/user.go:98.32,99.20 1 0
no_homomorphism/models/user.go:99.20,101.4 1 0
no_homomorphism/models/user.go:106.71,109.38 3 0
no_homomorphism/models/user.go:109.38,111.3 1 0
no_homomorphism/models/user.go:111.8,113.3 1 0
no_homomorphism/models/user.go:116.69,119.38 3 0
no_homomorphism/models/user.go:119.38,121.3 1 0
no_homomorphism/models/user.go:121.8,123.3 1 0
no_homomorphism/models/user.go:126.79,127.39 1 0
no_homomorphism/models/user.go:130.2,133.16 4 0
no_homomorphism/models/user.go:136.2,146.12 4 0
no_homomorphism/models/user.go:127.39,129.3 1 0
no_homomorphism/models/user.go:133.16,135.3 1 0
no_homomorphism/models/track.go:23.61,24.15 1 0
no_homomorphism/models/track.go:27.2,40.21 4 0
no_homomorphism/models/track.go:24.15,26.3 1 0
no_homomorphism/models/track.go:44.66,47.43 3 0
no_homomorphism/models/track.go:47.43,49.3 1 0
no_homomorphism/models/track.go:49.8,51.3 1 0
no_homomorphism/models/user.go:12.61,13.15 1 0
no_homomorphism/models/user.go:16.2,19.8 1 0
no_homomorphism/models/user.go:13.15,15.3 1 0
no_homomorphism/models/user.go:57.65,58.18 1 1
no_homomorphism/models/user.go:61.2,64.34 4 1
no_homomorphism/models/user.go:67.2,68.16 2 1
no_homomorphism/models/user.go:71.2,73.22 3 1
no_homomorphism/models/user.go:58.18,60.3 1 0
no_homomorphism/models/user.go:64.34,66.3 1 1
no_homomorphism/models/user.go:68.16,70.3 1 0
no_homomorphism/models/user.go:76.75,79.28 3 1
no_homomorphism/models/user.go:82.2,88.21 2 1
no_homomorphism/models/user.go:79.28,81.3 1 1
no_homomorphism/models/user.go:90.62,94.2 3 1
no_homomorphism/models/user.go:95.66,98.32 3 1
no_homomorphism/models/user.go:103.2,103.77 1 0
no_homomorphism/models/user.go:98.32,99.20 1 1
no_homomorphism/models/user.go:99.20,101.4 1 1
no_homomorphism/models/user.go:106.71,109.38 3 1
no_homomorphism/models/user.go:109.38,111.3 1 1
no_homomorphism/models/user.go:111.8,113.3 1 1
no_homomorphism/models/user.go:116.69,119.38 3 1
no_homomorphism/models/user.go:119.38,121.3 1 1
no_homomorphism/models/user.go:121.8,123.3 1 1
no_homomorphism/models/user.go:126.79,127.39 1 1
no_homomorphism/models/user.go:130.2,133.16 4 1
no_homomorphism/models/user.go:136.2,146.12 4 1
no_homomorphism/models/user.go:127.39,129.3 1 0
no_homomorphism/models/user.go:133.16,135.3 1 0
no_homomorphism/main.go:14.13,19.16 4 0
no_homomorphism/main.go:23.2,24.16 2 0
no_homomorphism/main.go:28.2,71.16 20 0
no_homomorphism/main.go:19.16,21.3 1 0
no_homomorphism/main.go:24.16,26.3 1 0
no_homomorphism/main.go:71.16,74.3 2 0
no_homomorphism/handlers/user.go:32.40,34.16 2 1
no_homomorphism/handlers/user.go:37.2,37.24 1 1
no_homomorphism/handlers/user.go:40.2,40.18 1 0
no_homomorphism/handlers/user.go:34.16,36.3 1 0
no_homomorphism/handlers/user.go:37.24,39.3 1 1
no_homomorphism/handlers/user.go:43.75,45.16 2 0
no_homomorphism/handlers/user.go:49.2,51.16 3 0
no_homomorphism/handlers/user.go:55.2,58.16 3 0
no_homomorphism/handlers/user.go:62.2,62.12 1 0
no_homomorphism/handlers/user.go:45.16,48.3 2 0
no_homomorphism/handlers/user.go:51.16,54.3 2 0
no_homomorphism/handlers/user.go:58.16,61.3 2 0
no_homomorphism/handlers/user.go:65.77,67.46 2 1
no_homomorphism/handlers/user.go:70.2,71.16 2 1
no_homomorphism/handlers/user.go:74.2,77.9 4 1
no_homomorphism/handlers/user.go:80.2,80.20 1 1
no_homomorphism/handlers/user.go:67.46,69.3 1 1
no_homomorphism/handlers/user.go:71.16,73.3 1 0
no_homomorphism/handlers/user.go:77.9,79.3 1 0
no_homomorphism/handlers/user.go:83.70,85.16 2 1
no_homomorphism/handlers/user.go:89.2,92.16 3 1
no_homomorphism/handlers/user.go:95.2,95.15 1 1
no_homomorphism/handlers/user.go:98.2,98.18 1 0
no_homomorphism/handlers/user.go:85.16,87.3 1 0
no_homomorphism/handlers/user.go:92.16,94.3 1 0
no_homomorphism/handlers/user.go:95.15,97.3 1 1
no_homomorphism/handlers/user.go:101.79,103.16 2 0
no_homomorphism/handlers/user.go:109.2,110.16 2 0
no_homomorphism/handlers/user.go:115.2,119.16 4 0
no_homomorphism/handlers/user.go:124.2,124.30 1 0
no_homomorphism/handlers/user.go:103.16,107.3 3 0
no_homomorphism/handlers/user.go:110.16,114.3 3 0
no_homomorphism/handlers/user.go:119.16,123.3 3 0
no_homomorphism/handlers/user.go:127.80,129.16 2 1
no_homomorphism/handlers/user.go:135.2,136.16 2 1
no_homomorphism/handlers/user.go:142.2,143.37 2 0
no_homomorphism/handlers/user.go:148.2,151.16 3 0
no_homomorphism/handlers/user.go:156.2,156.30 1 0
no_homomorphism/handlers/user.go:129.16,133.3 3 1
no_homomorphism/handlers/user.go:136.16,140.3 3 1
no_homomorphism/handlers/user.go:143.37,147.3 3 0
no_homomorphism/handlers/user.go:151.16,155.3 3 0
no_homomorphism/handlers/user.go:159.83,161.16 2 1
no_homomorphism/handlers/user.go:167.2,168.16 2 1
no_homomorphism/handlers/user.go:174.2,179.16 5 0
no_homomorphism/handlers/user.go:184.2,191.16 6 0
no_homomorphism/handlers/user.go:196.2,197.16 2 0
no_homomorphism/handlers/user.go:202.2,202.30 1 0
no_homomorphism/handlers/user.go:161.16,165.3 3 1
no_homomorphism/handlers/user.go:168.16,172.3 3 1
no_homomorphism/handlers/user.go:179.16,183.3 3 0
no_homomorphism/handlers/user.go:191.16,195.3 3 0
no_homomorphism/handlers/user.go:197.16,201.3 3 0
no_homomorphism/handlers/user.go:205.75,208.34 3 1
no_homomorphism/handlers/user.go:217.2,217.16 1 1
no_homomorphism/handlers/user.go:208.34,210.17 2 1
no_homomorphism/handlers/user.go:215.3,215.35 1 1
no_homomorphism/handlers/user.go:210.17,214.4 3 0
no_homomorphism/handlers/user.go:217.16,220.3 2 1
no_homomorphism/handlers/user.go:220.8,223.3 2 1
no_homomorphism/handlers/user.go:226.76,231.16 4 1
no_homomorphism/handlers/user.go:237.2,238.16 2 1
no_homomorphism/handlers/user.go:244.2,244.105 1 1
no_homomorphism/handlers/user.go:250.2,252.54 3 1
no_homomorphism/handlers/user.go:231.16,235.3 3 0
no_homomorphism/handlers/user.go:238.16,242.3 3 1
no_homomorphism/handlers/user.go:244.105,248.3 3 0
no_homomorphism/handlers/user.go:255.77,257.43 2 1
no_homomorphism/handlers/user.go:263.2,265.16 2 1
no_homomorphism/handlers/user.go:271.2,272.46 2 1
no_homomorphism/handlers/user.go:278.2,284.30 6 1
no_homomorphism/handlers/user.go:257.43,261.3 3 1
no_homomorphism/handlers/user.go:265.16,269.3 3 0
no_homomorphism/handlers/user.go:272.46,276.3 3 0
no_homomorphism/handlers/user.go:287.72,298.2 6 1
no_homomorphism/handlers/user.go:300.77,304.16 4 1
no_homomorphism/handlers/user.go:309.2,310.16 2 1
no_homomorphism/handlers/user.go:315.2,316.30 2 1
no_homomorphism/handlers/user.go:304.16,308.3 3 1
no_homomorphism/handlers/user.go:310.16,314.3 3 1
no_homomorphism/handlers/user.go:319.79,321.16 2 1
no_homomorphism/handlers/user.go:325.2,328.16 4 1
no_homomorphism/handlers/user.go:333.2,334.16 2 1
no_homomorphism/handlers/user.go:339.2,343.16 5 1
no_homomorphism/handlers/user.go:349.2,349.108 1 1
no_homomorphism/handlers/user.go:354.2,355.16 2 1
no_homomorphism/handlers/user.go:361.2,361.30 1 1
no_homomorphism/handlers/user.go:321.16,324.3 2 0
no_homomorphism/handlers/user.go:328.16,332.3 3 0
no_homomorphism/handlers/user.go:334.16,338.3 3 0
no_homomorphism/handlers/user.go:343.16,347.3 3 0
no_homomorphism/handlers/user.go:349.108,353.3 3 0
no_homomorphism/handlers/user.go:355.16,359.3 3 0
no_homomorphism/handlers/user.go:364.81,371.16 5 1
no_homomorphism/handlers/user.go:376.2,377.16 2 0
no_homomorphism/handlers/user.go:383.2,385.16 3 0
no_homomorphism/handlers/user.go:389.2,391.16 3 0
no_homomorphism/handlers/user.go:371.16,375.3 3 1
no_homomorphism/handlers/user.go:377.16,380.3 2 0
no_homomorphism/handlers/user.go:380.8,382.3 1 0
no_homomorphism/handlers/user.go:385.16,388.3 2 0
no_homomorphism/handlers/user.go:391.16,395.3 3 0
no_homomorphism/handlers/user.go:398.89,400.16 2 1
no_homomorphism/handlers/user.go:406.2,407.16 2 1
no_homomorphism/handlers/user.go:413.2,414.16 2 1
no_homomorphism/handlers/user.go:419.2,420.16 2 1
no_homomorphism/handlers/user.go:426.2,427.16 2 1
no_homomorphism/handlers/user.go:431.2,433.16 3 1
no_homomorphism/handlers/user.go:400.16,404.3 3 0
no_homomorphism/handlers/user.go:407.16,411.3 3 0
no_homomorphism/handlers/user.go:414.16,418.3 3 0
no_homomorphism/handlers/user.go:420.16,423.3 2 0
no_homomorphism/handlers/user.go:423.8,425.3 1 1
no_homomorphism/handlers/user.go:427.16,430.3 2 0
no_homomorphism/handlers/user.go:433.16,437.3 3 0
